<?xml version="1.0" encoding="UTF-8"?>
<!-- Generated by org.testng.reporters.JUnitXMLReporter -->
<testsuite hostname="IX8J8MHL3" ignored="0" name="Test(failed)" tests="1" failures="1" timestamp="2022-07-04T15:23:20 IST" time="0.046" errors="0">
  <testcase name="quiz" time="0.013" classname="TestNGClasses.TesCase2">
    <failure type="java.lang.AssertionError" message="did not expect to find [true] but found [false]">
      <![CDATA[java.lang.AssertionError: did not expect to find [true] but found [false]
at TestNGClasses.TesCase2.quiz(TesCase2.java:11)
at java.util.ArrayList.forEach(ArrayList.java:1257)
... Removed 31 stack frames]]>
    </failure>
  </testcase> <!-- quiz -->
</testsuite> <!-- Test(failed) -->
